Compilation failed:
    source file: '/home/maha/opencv-3.4.0/cmake/checks/cxx11.cpp'
    check option: ''
===== BUILD LOG =====
Change Dir: /home/maha/opencv-3.4.0/build_js/CMakeFiles/CMakeTmp

Run Build Command:"/usr/bin/make" "cmTC_aa6c9/fast"
/usr/bin/make -f CMakeFiles/cmTC_aa6c9.dir/build.make CMakeFiles/cmTC_aa6c9.dir/build
make[1]: вход в каталог «/home/maha/opencv-3.4.0/build_js/CMakeFiles/CMakeTmp»
Building CXX object CMakeFiles/cmTC_aa6c9.dir/cxx11.cpp.o
/home/maha/emsdk/emscripten/1.37.39/em++     -fPIE   -o CMakeFiles/cmTC_aa6c9.dir/cxx11.cpp.o -c /home/maha/opencv-3.4.0/cmake/checks/cxx11.cpp
/home/maha/opencv-3.4.0/cmake/checks/cxx11.cpp:4:2: error: "C++11 is not supported"
#error "C++11 is not supported"
 ^
/home/maha/opencv-3.4.0/cmake/checks/cxx11.cpp:11:5: warning: 'auto' type specifier is a C++11 extension [-Wc++11-extensions]
    auto res = test();
    ^
1 warning and 1 error generated.
ERROR:root:compiler frontend failed to generate LLVM bitcode, halting
CMakeFiles/cmTC_aa6c9.dir/build.make:65: ошибка выполнения рецепта для цели «CMakeFiles/cmTC_aa6c9.dir/cxx11.cpp.o»
make[1]: *** [CMakeFiles/cmTC_aa6c9.dir/cxx11.cpp.o] Ошибка 1
make[1]: выход из каталога «/home/maha/opencv-3.4.0/build_js/CMakeFiles/CMakeTmp»
Makefile:126: ошибка выполнения рецепта для цели «cmTC_aa6c9/fast»
make: *** [cmTC_aa6c9/fast] Ошибка 2

===== END =====

Compilation failed:
    source file: '/home/maha/opencv-3.4.0/build_js/CMakeFiles/CMakeTmp/src.cxx'
    check option: ' -fsigned-char -W -Wall -Werror=return-type -Werror=non-virtual-dtor -Werror=address -Werror=sequence-point -Wformat -Werror=format-security -Wmissing-declarations -Wmissing-prototypes -Wstrict-prototypes -Wundef -Winit-self -Wpointer-arith -Wshadow -Wsign-promo -Wuninitialized -Winit-self -Wno-narrowing -Wno-delete-non-virtual-dtor -Wno-unnamed-type-template-args -Wno-comment -Wno-implicit-fallthrough -fdiagnostics-show-option -pthread -Qunused-arguments -march=i686 -fomit-frame-pointer -ffunction-sections -fdata-sections   -mfpmath=387'
===== BUILD LOG =====
Change Dir: /home/maha/opencv-3.4.0/build_js/CMakeFiles/CMakeTmp

Run Build Command:"/usr/bin/make" "cmTC_64212/fast"
/usr/bin/make -f CMakeFiles/cmTC_64212.dir/build.make CMakeFiles/cmTC_64212.dir/build
make[1]: вход в каталог «/home/maha/opencv-3.4.0/build_js/CMakeFiles/CMakeTmp»
Building CXX object CMakeFiles/cmTC_64212.dir/src.cxx.o
/home/maha/emsdk/emscripten/1.37.39/em++     -DNDEBUG -O2 -fPIE   -fsigned-char -W -Wall -Werror=return-type -Werror=non-virtual-dtor -Werror=address -Werror=sequence-point -Wformat -Werror=format-security -Wmissing-declarations -Wmissing-prototypes -Wstrict-prototypes -Wundef -Winit-self -Wpointer-arith -Wshadow -Wsign-promo -Wuninitialized -Winit-self -Wno-narrowing -Wno-delete-non-virtual-dtor -Wno-unnamed-type-template-args -Wno-comment -Wno-implicit-fallthrough -fdiagnostics-show-option -pthread -Qunused-arguments -march=i686 -fomit-frame-pointer -ffunction-sections -fdata-sections -mfpmath=387 -o CMakeFiles/cmTC_64212.dir/src.cxx.o -c /home/maha/opencv-3.4.0/build_js/CMakeFiles/CMakeTmp/src.cxx
error: unknown FP unit '387'
ERROR:root:compiler frontend failed to generate LLVM bitcode, halting
CMakeFiles/cmTC_64212.dir/build.make:65: ошибка выполнения рецепта для цели «CMakeFiles/cmTC_64212.dir/src.cxx.o»
make[1]: *** [CMakeFiles/cmTC_64212.dir/src.cxx.o] Ошибка 1
make[1]: выход из каталога «/home/maha/opencv-3.4.0/build_js/CMakeFiles/CMakeTmp»
Makefile:126: ошибка выполнения рецепта для цели «cmTC_64212/fast»
make: *** [cmTC_64212/fast] Ошибка 2

===== END =====

Compilation failed:
    source file: '/home/maha/opencv-3.4.0/build_js/CMakeFiles/CMakeTmp/src.c'
    check option: ' -fsigned-char -W -Wall -Werror=return-type -Werror=non-virtual-dtor -Werror=address -Werror=sequence-point -Wformat -Werror=format-security -Wmissing-declarations -Wmissing-prototypes -Wstrict-prototypes -Wundef -Winit-self -Wpointer-arith -Wshadow -Wsign-promo -Wuninitialized -Winit-self -Wno-narrowing -Wno-delete-non-virtual-dtor -Wno-unnamed-type-template-args -Wno-comment -Wno-implicit-fallthrough -fdiagnostics-show-option -pthread -Qunused-arguments -march=i686 -fomit-frame-pointer -ffunction-sections -fdata-sections   -mfpmath=387'
===== BUILD LOG =====
Change Dir: /home/maha/opencv-3.4.0/build_js/CMakeFiles/CMakeTmp

Run Build Command:"/usr/bin/make" "cmTC_395ba/fast"
/usr/bin/make -f CMakeFiles/cmTC_395ba.dir/build.make CMakeFiles/cmTC_395ba.dir/build
make[1]: вход в каталог «/home/maha/opencv-3.4.0/build_js/CMakeFiles/CMakeTmp»
Building C object CMakeFiles/cmTC_395ba.dir/src.c.o
/home/maha/emsdk/emscripten/1.37.39/emcc    -DNDEBUG -O2 -fPIE   -fsigned-char -W -Wall -Werror=return-type -Werror=non-virtual-dtor -Werror=address -Werror=sequence-point -Wformat -Werror=format-security -Wmissing-declarations -Wmissing-prototypes -Wstrict-prototypes -Wundef -Winit-self -Wpointer-arith -Wshadow -Wsign-promo -Wuninitialized -Winit-self -Wno-narrowing -Wno-delete-non-virtual-dtor -Wno-unnamed-type-template-args -Wno-comment -Wno-implicit-fallthrough -fdiagnostics-show-option -pthread -Qunused-arguments -march=i686 -fomit-frame-pointer -ffunction-sections -fdata-sections -mfpmath=387 -o CMakeFiles/cmTC_395ba.dir/src.c.o   -c /home/maha/opencv-3.4.0/build_js/CMakeFiles/CMakeTmp/src.c
error: unknown FP unit '387'
ERROR:root:compiler frontend failed to generate LLVM bitcode, halting
CMakeFiles/cmTC_395ba.dir/build.make:65: ошибка выполнения рецепта для цели «CMakeFiles/cmTC_395ba.dir/src.c.o»
make[1]: *** [CMakeFiles/cmTC_395ba.dir/src.c.o] Ошибка 1
make[1]: выход из каталога «/home/maha/opencv-3.4.0/build_js/CMakeFiles/CMakeTmp»
Makefile:126: ошибка выполнения рецепта для цели «cmTC_395ba/fast»
make: *** [cmTC_395ba/fast] Ошибка 2

===== END =====

Determining size of off64_t failed with the following output:
Change Dir: /home/maha/opencv-3.4.0/build_js/CMakeFiles/CMakeTmp

Run Build Command:"/usr/bin/make" "cmTC_7eb7e/fast"
/usr/bin/make -f CMakeFiles/cmTC_7eb7e.dir/build.make CMakeFiles/cmTC_7eb7e.dir/build
make[1]: вход в каталог «/home/maha/opencv-3.4.0/build_js/CMakeFiles/CMakeTmp»
Building C object CMakeFiles/cmTC_7eb7e.dir/OFF64_T.c.o
/home/maha/emsdk/emscripten/1.37.39/emcc    -fsigned-char -W -Wall -Werror=return-type -Werror=non-virtual-dtor -Werror=address -Werror=sequence-point -Wformat -Werror=format-security -Wmissing-declarations -Wmissing-prototypes -Wstrict-prototypes -Wundef -Winit-self -Wpointer-arith -Wshadow -Wsign-promo -Wuninitialized -Winit-self -Wno-narrowing -Wno-delete-non-virtual-dtor -Wno-unnamed-type-template-args -Wno-comment -Wno-implicit-fallthrough -fdiagnostics-show-option -pthread -Qunused-arguments -march=i686 -fomit-frame-pointer -ffunction-sections -fdata-sections  -fvisibility=hidden -fvisibility-inlines-hidden -s ERROR_ON_UNDEFINED_SYMBOLS=1 -DNDEBUG -O2 -fPIE   -o CMakeFiles/cmTC_7eb7e.dir/OFF64_T.c.o   -c /home/maha/opencv-3.4.0/build_js/CMakeFiles/CheckTypeSize/OFF64_T.c
/home/maha/opencv-3.4.0/build_js/CMakeFiles/CheckTypeSize/OFF64_T.c:19:12: error: use of undeclared identifier 'off64_t'
  ('0' + ((SIZE / 10000)%10)),
           ^
/home/maha/opencv-3.4.0/build_js/CMakeFiles/CheckTypeSize/OFF64_T.c:17:22: note: expanded from macro 'SIZE'
#define SIZE (sizeof(off64_t))
                     ^
/home/maha/opencv-3.4.0/build_js/CMakeFiles/CheckTypeSize/OFF64_T.c:20:12: error: use of undeclared identifier 'off64_t'
  ('0' + ((SIZE / 1000)%10)),
           ^
/home/maha/opencv-3.4.0/build_js/CMakeFiles/CheckTypeSize/OFF64_T.c:17:22: note: expanded from macro 'SIZE'
#define SIZE (sizeof(off64_t))
                     ^
/home/maha/opencv-3.4.0/build_js/CMakeFiles/CheckTypeSize/OFF64_T.c:21:12: error: use of undeclared identifier 'off64_t'
  ('0' + ((SIZE / 100)%10)),
           ^
/home/maha/opencv-3.4.0/build_js/CMakeFiles/CheckTypeSize/OFF64_T.c:17:22: note: expanded from macro 'SIZE'
#define SIZE (sizeof(off64_t))
                     ^
/home/maha/opencv-3.4.0/build_js/CMakeFiles/CheckTypeSize/OFF64_T.c:22:12: error: use of undeclared identifier 'off64_t'
  ('0' + ((SIZE / 10)%10)),
           ^
/home/maha/opencv-3.4.0/build_js/CMakeFiles/CheckTypeSize/OFF64_T.c:17:22: note: expanded from macro 'SIZE'
#define SIZE (sizeof(off64_t))
                     ^
/home/maha/opencv-3.4.0/build_js/CMakeFiles/CheckTypeSize/OFF64_T.c:23:12: error: use of undeclared identifier 'off64_t'
  ('0' +  (SIZE    % 10)),
           ^
/home/maha/opencv-3.4.0/build_js/CMakeFiles/CheckTypeSize/OFF64_T.c:17:22: note: expanded from macro 'SIZE'
#define SIZE (sizeof(off64_t))
                     ^
/home/maha/opencv-3.4.0/build_js/CMakeFiles/CheckTypeSize/OFF64_T.c:39:10: error: use of undeclared identifier 'off64_t'
  return SIZE;
         ^
/home/maha/opencv-3.4.0/build_js/CMakeFiles/CheckTypeSize/OFF64_T.c:17:22: note: expanded from macro 'SIZE'
#define SIZE (sizeof(off64_t))
                     ^
6 errors generated.
ERROR:root:compiler frontend failed to generate LLVM bitcode, halting
CMakeFiles/cmTC_7eb7e.dir/build.make:65: ошибка выполнения рецепта для цели «CMakeFiles/cmTC_7eb7e.dir/OFF64_T.c.o»
make[1]: *** [CMakeFiles/cmTC_7eb7e.dir/OFF64_T.c.o] Ошибка 1
make[1]: выход из каталога «/home/maha/opencv-3.4.0/build_js/CMakeFiles/CMakeTmp»
Makefile:126: ошибка выполнения рецепта для цели «cmTC_7eb7e/fast»
make: *** [cmTC_7eb7e/fast] Ошибка 2

/home/maha/opencv-3.4.0/build_js/CMakeFiles/CheckTypeSize/OFF64_T.c:
#include <sys/types.h>
#include <stdint.h>
#include <stddef.h>


#undef KEY
#if defined(__i386)
# define KEY '_','_','i','3','8','6'
#elif defined(__x86_64)
# define KEY '_','_','x','8','6','_','6','4'
#elif defined(__ppc__)
# define KEY '_','_','p','p','c','_','_'
#elif defined(__ppc64__)
# define KEY '_','_','p','p','c','6','4','_','_'
#endif

#define SIZE (sizeof(off64_t))
char info_size[] =  {'I', 'N', 'F', 'O', ':', 's','i','z','e','[',
  ('0' + ((SIZE / 10000)%10)),
  ('0' + ((SIZE / 1000)%10)),
  ('0' + ((SIZE / 100)%10)),
  ('0' + ((SIZE / 10)%10)),
  ('0' +  (SIZE    % 10)),
  ']',
#ifdef KEY
  ' ','k','e','y','[', KEY, ']',
#endif
  '\0'};

#ifdef __CLASSIC_C__
int main(argc, argv) int argc; char *argv[];
#else
int main(int argc, char *argv[])
#endif
{
  int require = 0;
  require += info_size[argc];
  (void)argv;
  return SIZE;
}


Build output check failed:
    Regex: 'unknown .*option'
    Output line: 'warning: unknown warning option '-Wno-maybe-uninitialized', did you mean '-Wno-uninitialized'? [-Wunknown-warning-option]'
Compilation failed:
    source file: '/home/maha/opencv-3.4.0/build_js/CMakeFiles/CMakeTmp/src.cxx'
    check option: ' -Wno-maybe-uninitialized'
===== BUILD LOG =====
Change Dir: /home/maha/opencv-3.4.0/build_js/CMakeFiles/CMakeTmp

Run Build Command:"/usr/bin/make" "cmTC_37b40/fast"
/usr/bin/make -f CMakeFiles/cmTC_37b40.dir/build.make CMakeFiles/cmTC_37b40.dir/build
make[1]: вход в каталог «/home/maha/opencv-3.4.0/build_js/CMakeFiles/CMakeTmp»
Building CXX object CMakeFiles/cmTC_37b40.dir/src.cxx.o
/home/maha/emsdk/emscripten/1.37.39/em++     -fsigned-char -W -Wall -Werror=return-type -Werror=non-virtual-dtor -Werror=address -Werror=sequence-point -Wformat -Werror=format-security -Wmissing-declarations -Wmissing-prototypes -Wstrict-prototypes -Wundef -Winit-self -Wpointer-arith -Wshadow -Wsign-promo -Wuninitialized -Winit-self -Wno-narrowing -Wno-delete-non-virtual-dtor -Wno-unnamed-type-template-args -Wno-comment -Wno-implicit-fallthrough -fdiagnostics-show-option -pthread -Qunused-arguments -march=i686 -fomit-frame-pointer -ffunction-sections -fdata-sections  -fvisibility=hidden -fvisibility-inlines-hidden -Wno-shadow -Wno-parentheses  -DNDEBUG -O2 -fPIE   -Wno-maybe-uninitialized -o CMakeFiles/cmTC_37b40.dir/src.cxx.o -c /home/maha/opencv-3.4.0/build_js/CMakeFiles/CMakeTmp/src.cxx
warning: unknown warning option '-Wno-maybe-uninitialized'; did you mean '-Wno-uninitialized'? [-Wunknown-warning-option]
/home/maha/opencv-3.4.0/build_js/CMakeFiles/CMakeTmp/src.cxx:1:8: warning: unknown pragma ignored [-Wunknown-pragmas]
#pragma
       ^
2 warnings generated.
Linking CXX executable cmTC_37b40.js
/usr/bin/cmake -E cmake_link_script CMakeFiles/cmTC_37b40.dir/link.txt --verbose=1
/home/maha/emsdk/emscripten/1.37.39/em++      -fsigned-char -W -Wall -Werror=return-type -Werror=non-virtual-dtor -Werror=address -Werror=sequence-point -Wformat -Werror=format-security -Wmissing-declarations -Wmissing-prototypes -Wstrict-prototypes -Wundef -Winit-self -Wpointer-arith -Wshadow -Wsign-promo -Wuninitialized -Winit-self -Wno-narrowing -Wno-delete-non-virtual-dtor -Wno-unnamed-type-template-args -Wno-comment -Wno-implicit-fallthrough -fdiagnostics-show-option -pthread -Qunused-arguments -march=i686 -fomit-frame-pointer -ffunction-sections -fdata-sections  -fvisibility=hidden -fvisibility-inlines-hidden -Wno-shadow -Wno-parentheses  -DNDEBUG -O2    -Wl,--gc-sections  -O2 @CMakeFiles/cmTC_37b40.dir/objects1.rsp  -o cmTC_37b40.js  
make[1]: выход из каталога «/home/maha/opencv-3.4.0/build_js/CMakeFiles/CMakeTmp»

===== END =====

